37759.783 C 179 0.534187 1.995769 10.000000 25000.000000
37759.783 C 165 0.515221 1.858897 10.000000 15000.000000
37759.783 C 166 0.534415 1.816088 10.000000 31000.000000
37759.784 C 180 0.536117 2.075594 10.000000 5000.000000
37759.784 C 174 0.403598 1.996967 10.000000 10000.000000
37759.784 C 175 0.403491 1.976847 10.000000 20000.000000
37759.784 C 181 0.502170 1.737907 10.000000 10000.000000
37759.784 C 177 0.409517 1.942469 10.000000 8000.000000
37759.784 C 178 0.425220 1.909463 10.000000 10000.000000
37759.784 E D 1 5 49.000000 0.000020 21 49.000000 0.000000 1
37759.784 E P 13.884600 9170.510000 28610.970000 1615.850000 5 1
37759.784 E P 17.598900 11155.320000 27150.300000 1585.450000 5 1
37759.784 E P 22.377600 13615.060000 25340.120000 1557.360000 5 1
37759.784 E P 26.940200 15897.890000 23660.140000 1541.230000 5 1
37759.784 E P 31.307700 18051.740000 22075.090000 1535.090000 5 1
37759.784 E P 35.011500 19873.260000 20734.600000 1536.870000 5 1
37759.784 E P 39.958400 22326.840000 18928.980000 1549.310000 5 1
37759.784 E P 43.421000 24076.480000 17641.400000 1565.090000 5 1
37759.784 E P 48.654300 26805.790000 15632.880000 1600.760000 5 1
37759.784 E P 51.460300 28223.670000 14563.560000 1618.250000 5 1
37759.784 E P 47.275200 26656.790000 15903.930000 1638.430000 5 1
37759.784 E P 49.384800 27406.690000 15245.480000 1623.590000 5 1
37759.784 E P 53.879300 28965.610000 13876.650000 1599.930000 5 1
37759.784 E P 55.468700 29507.230000 13401.080000 1594.050000 5 1
37759.784 E P 59.574400 30891.640000 12185.490000 1584.650000 5 1
37759.784 E P 62.128800 31747.190000 11434.270000 1582.930000 5 1
37759.784 E P 64.414000 32512.150000 10762.590000 1584.050000 5 1
37759.784 E P 67.883400 33678.480000 9738.490000 1590.590000 5 1
37759.784 E P 71.094900 34770.070000 8780.030000 1601.930000 5 1
37759.784 E P 74.058600 35794.010000 7880.950000 1617.060000 5 1
37759.784 E P 76.799400 36760.370000 7032.440000 1635.230000 5 1
37759.784 E D 2 6 50.000000 0.000020 21 50.000000 0.000000 1
37759.784 E P 14.874300 12864.950000 36454.630000 2212.610000 6 1
37759.784 E P 19.521100 16281.090000 34344.430000 2179.780000 6 1
37759.784 E P 23.382200 19057.500000 32629.390000 2163.860000 6 1
37759.784 E P 26.947400 21595.450000 31061.670000 2157.950000 6 1
37759.784 E P 31.280200 24675.500000 29159.090000 2161.980000 6 1
37759.784 E P 36.700100 28572.830000 26751.680000 2184.560000 6 1
37759.784 E P 41.186100 31883.630000 24706.580000 2218.680000 6 1
37759.784 E P 43.898000 33942.640000 23434.720000 2246.540000 6 1
37759.784 E P 46.904100 36291.800000 21983.640000 2284.280000 6 1
37759.784 E P 52.928300 41265.760000 18911.230000 2383.520000 6 1
37759.784 E P 38.716600 30166.670000 26136.530000 2334.520000 6 1
37759.784 E P 42.752900 33151.570000 24027.050000 2273.020000 6 1
37759.784 E P 46.648800 35902.040000 22083.240000 2226.640000 6 1
37759.784 E P 50.279400 38375.090000 20335.500000 2194.000000 6 1
37759.784 E P 53.598800 40580.210000 18777.110000 2172.470000 6 1
37759.784 E P 56.701900 42608.090000 17343.990000 2159.180000 6 1
37759.784 E P 60.991200 45381.170000 15384.240000 2151.330000 6 1
37759.784 E P 63.684100 47116.830000 14157.630000 2152.550000 6 1
37759.784 E P 67.454300 49557.040000 12433.120000 2162.240000 6 1
37759.784 E P 72.034800 52565.820000 10306.810000 2186.880000 6 1
37759.784 E P 75.176100 54676.830000 8814.950000 2212.300000 6 1
37759.784 E D 3 7 60.000000 0.000100 21 60.000000 0.000000 1
37759.784 E P 15.718100 21963.260000 51823.550000 2394.870000 7 1
37759.784 E P 19.003700 25273.140000 49350.970000 2379.060000 7 1
37759.784 E P 22.290700 28551.180000 46902.160000 2371.150000 7 1
37759.785 E P 26.448700 32683.950000 43814.860000 2372.280000 7 1
37759.785 E P 28.964900 35193.980000 41939.800000 2379.010000 7 1
37759.785 E P 33.354600 39623.860000 38630.570000 2401.890000 7 1
37759.785 E P 36.736200 43109.280000 36026.890000 2429.560000 7 1
37759.785 E P 40.616100 47224.230000 32952.950000 2472.750000 7 1
37759.785 E P 42.642000 49436.180000 31300.590000 2500.500000 7 1
37759.785 E P 46.619300 53932.750000 27941.610000 2566.070000 7 1
37759.785 E P 36.815400 47027.610000 35423.690000 2571.300000 7 1
37759.785 E P 40.968200 48263.150000 32551.300000 2500.470000 7 1
37759.785 E P 44.882700 49373.910000 29969.010000 2448.410000 7 1
37759.785 E P 48.616800 50395.400000 27594.270000 2410.990000 7 1
37759.785 E P 52.063600 51314.320000 25457.980000 2386.290000 7 1
37759.785 E P 55.241900 52147.660000 23520.670000 2371.470000 7 1
37759.785 E P 59.806900 53332.070000 20767.210000 2363.100000 7 1
37759.785 E P 64.005600 54420.040000 18237.980000 2368.650000 7 1
37759.785 E P 66.616800 55101.290000 16654.230000 2378.550000 7 1
37759.785 E P 71.416600 56374.120000 13695.240000 2410.080000 7 1
37759.785 E P 74.709300 57270.920000 11610.420000 2442.190000 7 1
37759.785 E D 4 8 92.000000 0.000050 21 50.000000 92.000000 2
37759.785 E P 11.596800 26852.900000 85103.250000 2712.490000 8 1
37759.785 E P 14.161700 33962.310000 83768.340000 2697.090000 8 1
37759.785 E P 17.647200 43519.970000 81973.740000 2684.850000 8 1
37759.785 E P 20.763300 52016.130000 80378.470000 2682.230000 8 1
37759.785 E P 23.023700 58179.390000 79221.250000 2685.210000 8 1
37759.785 E P 26.645900 68108.510000 77356.960000 2698.620000 8 1
37759.785 E P 29.208300 75208.810000 76023.820000 2714.650000 8 1
37759.785 E P 31.891200 82746.590000 74608.560000 2737.440000 8 1
37759.785 E P 34.713100 90827.250000 73091.390000 2768.310000 8 1
37759.785 E P 37.745300 99726.350000 71420.570000 2809.720000 8 1
37759.785 E P 36.172300 97112.590000 72987.460000 2815.020000 8 1
37759.785 E P 40.882200 100269.620000 66809.360000 2742.640000 8 1
37759.785 E P 43.069400 101687.750000 64034.190000 2716.250000 8 1
37759.785 E P 47.145500 104266.390000 58988.010000 2678.600000 8 1
37759.785 E P 50.897100 106586.760000 54447.300000 2656.520000 8 1
37759.785 E P 56.019100 109711.360000 48332.860000 2644.970000 8 1
37759.785 E P 59.173000 111629.970000 44578.420000 2648.350000 8 1
37759.785 E P 63.516100 114290.630000 39371.910000 2666.190000 8 1
37759.785 E P 66.216900 115968.400000 36088.810000 2685.190000 8 1
37759.785 E P 71.128000 119094.690000 29971.240000 2736.090000 8 1
37759.785 E P 74.447700 121285.130000 25684.980000 2783.290000 8 1
37759.785 E P 11.596800 6835.720000 14541.490000 915.880000 8 2
37759.785 E P 14.161700 9148.760000 14337.190000 943.490000 8 2
37759.785 E P 17.647200 12258.340000 14062.550000 993.770000 8 2
37759.785 E P 20.763300 15022.550000 13818.410000 1049.550000 8 2
37759.785 E P 23.023700 17027.770000 13641.300000 1095.600000 8 2
37759.785 E P 26.645900 20258.200000 13355.990000 1178.140000 8 2
37759.785 E P 29.208300 22568.270000 13151.960000 1242.490000 8 2
37759.785 E P 31.891200 25020.690000 12935.360000 1314.860000 8 2
37759.785 E P 34.713100 27649.720000 12703.160000 1396.340000 8 2
37759.785 E P 37.745300 30545.030000 12447.450000 1490.020000 8 2
37759.785 E P 36.172300 29815.410000 12701.970000 1470.640000 8 2
37759.785 E P 40.882200 30215.780000 11680.050000 1460.760000 8 2
37759.785 E P 43.069400 30395.620000 11221.010000 1457.220000 8 2
37759.785 E P 47.145500 30722.640000 10386.310000 1452.250000 8 2
37759.785 E P 50.897100 31016.900000 9635.230000 1449.430000 8 2
37759.785 E P 56.019100 31413.150000 8623.820000 1448.090000 8 2
37759.785 E P 59.173000 31656.460000 8002.790000 1448.680000 8 2
37759.785 E P 63.516100 31993.870000 7141.570000 1451.270000 8 2
37759.785 E P 66.216900 32206.640000 6598.500000 1453.960000 8 2
37759.785 E P 71.128000 32603.100000 5586.570000 1461.130000 8 2
37759.785 E P 74.447700 32880.870000 4877.560000 1467.800000 8 2
37759.785 E D 5 9 110.000000 0.000010 21 110.000000 0.000000 1
37759.785 E P 9.084000 35747.340000 108451.340000 3346.560000 9 1
37759.785 E P 13.452400 41812.190000 103065.640000 3285.710000 9 1
37759.785 E P 17.103200 46736.010000 98693.240000 3250.640000 9 1
37759.785 E P 22.467000 53826.330000 92397.040000 3223.610000 9 1
37759.785 E P 26.989700 59753.940000 87133.380000 3222.750000 9 1
37759.785 E P 30.321000 64136.030000 83242.160000 3234.880000 9 1
37759.785 E P 33.962700 68980.940000 78940.020000 3260.790000 9 1
37759.785 E P 40.218500 77552.690000 71328.610000 3337.770000 9 1
37759.785 E P 42.622800 80970.510000 68293.750000 3379.090000 9 1
37759.785 E P 47.839600 88699.890000 61430.480000 3493.140000 9 1
37759.785 E P 41.075600 77532.390000 70488.950000 3451.880000 9 1
37759.785 E P 44.319600 83698.150000 66077.190000 3388.040000 9 1
37759.785 E P 47.321300 89218.580000 62127.230000 3340.140000 9 1
37759.786 E P 50.246000 94456.910000 58379.150000 3303.220000 9 1
37759.786 E P 54.518400 101924.420000 53036.130000 3265.600000 9 1
37759.786 E P 57.281300 106673.530000 49638.160000 3251.130000 9 1
37759.786 E P 59.968900 111258.130000 46357.920000 3244.290000 9 1
37759.786 E P 63.848600 117856.240000 41637.060000 3246.870000 9 1
37759.786 E P 66.297800 122033.140000 38648.570000 3256.100000 9 1
37759.786 E P 69.887700 128208.540000 34230.220000 3280.440000 9 1
37759.786 E P 73.240900 134072.730000 30034.530000 3315.190000 9 1
37759.786 E D 6 10 92.000000 0.000140 21 62.000000 92.000000 2
37759.786 E P 8.614500 37497.560000 130482.700000 3843.760000 10 1
37759.786 E P 12.659200 49510.110000 124073.170000 3768.230000 10 1
37759.786 E P 16.491000 60507.590000 118205.310000 3715.730000 10 1
37759.786 E P 19.978800 70288.540000 112986.600000 3683.020000 10 1
37759.786 E P 24.050200 81533.240000 106986.950000 3662.190000 10 1
37759.786 E P 27.197100 90164.600000 102381.700000 3658.580000 10 1
37759.786 E P 32.781500 105522.070000 94187.860000 3678.880000 10 1
37759.786 E P 34.954900 111563.550000 90964.520000 3696.170000 10 1
37759.786 E P 40.026100 125935.260000 83296.790000 3757.890000 10 1
37759.786 E P 43.616600 136385.830000 77721.190000 3820.080000 10 1
37759.786 E P 30.881800 112782.460000 97437.080000 3898.810000 10 1
37759.786 E P 35.439500 117052.420000 90269.190000 3773.880000 10 1
37759.786 E P 40.063900 121167.960000 83360.560000 3676.070000 10 1
37759.786 E P 44.367200 124829.500000 77214.100000 3609.950000 10 1
37759.786 E P 48.361000 128126.350000 71679.890000 3568.250000 10 1
37759.786 E P 52.104900 131160.140000 66587.290000 3545.380000 10 1
37759.786 E P 57.293800 135324.330000 59597.220000 3538.770000 10 1
37759.786 E P 61.998100 139110.430000 53241.860000 3557.790000 10 1
37759.786 E P 66.299100 142626.270000 47340.200000 3596.530000 10 1
37759.786 E P 70.201700 145897.200000 41849.640000 3650.270000 10 1
37759.786 E P 74.818900 149914.900000 35105.530000 3738.550000 10 1
37759.786 E P 8.614500 20784.510000 44328.100000 2072.400000 10 2
37759.786 E P 12.659200 25718.710000 41646.250000 2033.360000 10 2
37759.786 E P 16.491000 30235.960000 39191.040000 2018.920000 10 2
37759.786 E P 19.978800 34253.520000 37007.420000 2023.590000 10 2
37759.786 E P 24.050200 38872.310000 34497.030000 2049.190000 10 2
37759.786 E P 27.197100 42417.660000 32570.080000 2083.070000 10 2
37759.786 E P 32.781500 48725.770000 29141.550000 2171.910000 10 2
37759.786 E P 34.954900 51207.310000 27792.800000 2216.110000 10 2
37759.786 E P 40.026100 57110.510000 24584.370000 2339.960000 10 2
37759.786 E P 43.616600 61403.090000 22251.330000 2445.190000 10 2
37759.786 E P 30.881800 52434.770000 28863.140000 2312.760000 10 2
37759.786 E P 35.439500 53689.740000 26988.310000 2287.200000 10 2
37759.786 E P 40.063900 54899.320000 25181.290000 2267.140000 10 2
37759.786 E P 44.367200 55975.460000 23573.620000 2253.440000 10 2
37759.786 E P 48.361000 56944.420000 22126.090000 2244.500000 10 2
37759.786 E P 52.104900 57836.050000 20794.060000 2239.150000 10 2
37759.786 E P 57.293800 59059.910000 18965.710000 2236.350000 10 2
37759.786 E P 61.998100 60172.650000 17303.380000 2238.380000 10 2
37759.786 E P 66.299100 61205.940000 15759.710000 2244.160000 10 2
37759.786 E P 70.201700 62167.260000 14323.560000 2252.880000 10 2
37759.786 E P 74.818900 63348.050000 12559.500000 2267.950000 10 2
37759.786 E D 7 11 111.000000 0.000100 21 55.000000 111.000000 2
37759.786 E P 8.179500 41599.090000 141433.820000 3943.270000 11 1
37759.786 E P 13.735600 50743.520000 132104.300000 3843.840000 11 1
37759.786 E P 18.495800 58274.190000 124421.310000 3789.910000 11 1
37759.786 E P 22.714100 64809.600000 117753.760000 3764.560000 11 1
37759.786 E P 27.692900 72458.250000 109950.540000 3760.790000 11 1
37759.786 E P 33.775100 81865.420000 100353.390000 3794.560000 11 1
37759.786 E P 38.843200 89902.050000 92154.560000 3856.210000 11 1
37759.786 E P 41.884300 94871.070000 87085.310000 3908.860000 11 1
37759.786 E P 50.472100 109833.210000 71821.590000 4129.370000 11 1
37759.786 E P 53.621400 115719.270000 65816.970000 4238.390000 11 1
37759.786 E P 42.518200 92388.960000 86245.830000 4057.030000 11 1
37759.786 E P 45.640900 101272.740000 80608.380000 3989.270000 11 1
37759.786 E P 48.561400 109331.360000 75494.600000 3937.970000 11 1
37759.786 E P 51.432800 117061.160000 70589.550000 3898.340000 11 1
37759.786 E P 55.628300 128100.080000 63584.710000 3858.690000 11 1
37759.786 E P 58.337600 135118.520000 59131.150000 3844.160000 11 1
37759.786 E P 60.967800 141885.220000 54837.360000 3838.180000 11 1
37759.786 E P 64.752300 151597.000000 48674.840000 3843.510000 11 1
37759.786 E P 67.142400 157748.390000 44771.560000 3855.390000 11 1
37759.786 E P 70.608800 166745.320000 39062.710000 3884.580000 11 1
37759.786 E P 73.833900 175247.730000 33667.680000 3924.860000 11 1
37759.786 E P 8.179500 8869.460000 16839.750000 1014.710000 11 2
37759.786 E P 13.735600 9718.910000 15175.020000 956.950000 11 2
37759.787 E P 18.495800 10418.450000 13804.070000 913.070000 11 2
37759.787 E P 22.714100 11025.540000 12614.320000 878.120000 11 2
37759.787 E P 27.692900 11736.040000 11221.910000 841.420000 11 2
37759.787 E P 33.775100 12609.890000 9509.370000 803.380000 11 2
37759.787 E P 38.843200 13356.420000 8046.340000 777.880000 11 2
37759.787 E P 41.884300 13818.000000 7141.760000 765.660000 11 2
37759.787 E P 50.472100 15207.850000 4418.000000 746.610000 11 2
37759.787 E P 53.621400 15754.610000 3346.490000 745.900000 11 2
37759.787 E P 42.518200 12672.820000 6342.260000 693.720000 11 2
37759.787 E P 45.640900 14427.260000 5996.350000 755.380000 11 2
37759.787 E P 48.561400 16018.730000 5682.560000 816.580000 11 2
37759.787 E P 51.432800 17545.260000 5381.580000 879.170000 11 2
37759.787 E P 55.628300 19725.300000 4951.750000 973.700000 11 2
37759.787 E P 58.337600 21111.340000 4678.470000 1036.270000 11 2
37759.787 E P 60.967800 22447.660000 4414.990000 1098.050000 11 2
37759.787 E P 64.752300 24365.600000 4036.840000 1188.770000 11 2
37759.787 E P 67.142400 25580.410000 3797.320000 1247.270000 11 2
37759.787 E P 70.608800 27357.160000 3447.000000 1334.010000 11 2
37759.787 E P 73.833900 29036.250000 3115.940000 1417.090000 11 2
37759.787 E D 8 12 136.000000 0.000100 21 70.000000 136.000000 2
37759.787 E P 7.132800 66742.510000 180581.610000 4181.210000 12 1
37759.787 E P 10.956600 80572.030000 175412.600000 4120.790000 12 1
37759.787 E P 15.320600 95945.870000 169666.450000 4075.220000 12 1
37759.787 E P 18.968100 108589.570000 164940.800000 4055.340000 12 1
37759.787 E P 23.040800 122617.490000 159697.840000 4052.240000 12 1
37759.787 E P 27.582700 138313.160000 153831.650000 4072.460000 12 1
37759.787 E P 30.961200 150134.070000 149413.700000 4104.050000 12 1
37759.787 E P 36.687600 170711.340000 141723.270000 4191.530000 12 1
37759.787 E P 41.084200 187214.860000 135555.470000 4290.130000 12 1
37759.787 E P 44.163400 199215.970000 131070.400000 4376.360000 12 1
37759.787 E P 36.269400 180438.720000 147827.950000 4349.950000 12 1
37759.787 E P 40.098000 181666.870000 136159.980000 4239.920000 12 1
37759.787 E P 43.090100 182588.700000 127402.550000 4170.100000 12 1
37759.787 E P 47.644700 183940.920000 114557.290000 4089.010000 12 1
37759.787 E P 50.675200 184815.250000 106252.020000 4050.720000 12 1
37759.787 E P 55.173100 186088.720000 94156.070000 4015.580000 12 1
37759.787 E P 58.110600 186911.570000 86340.690000 4006.170000 12 1
37759.787 E P 62.381700 188105.950000 74997.130000 4011.270000 12 1
37759.787 E P 65.111100 188873.300000 67709.600000 4026.240000 12 1
37759.787 E P 69.039200 189991.560000 57089.970000 4064.200000 12 1
37759.787 E P 72.714000 191061.390000 46930.690000 4118.000000 12 1
37759.787 E P 7.132800 24069.970000 23535.580000 1198.070000 12 2
37759.787 E P 10.956600 25550.170000 22807.360000 1222.730000 12 2
37759.787 E P 15.320600 27195.660000 21997.830000 1258.460000 12 2
37759.787 E P 18.968100 28548.930000 21332.060000 1293.900000 12 2
37759.787 E P 23.040800 30050.360000 20593.400000 1339.060000 12 2
37759.787 E P 27.582700 31730.280000 19766.920000 1396.170000 12 2
37759.787 E P 30.961200 32995.490000 19144.470000 1443.280000 12 2
37759.787 E P 36.687600 35197.900000 18060.950000 1532.640000 12 2
37759.787 E P 41.084200 36964.290000 17191.930000 1610.170000 12 2
37759.787 E P 44.163400 38248.780000 16560.000000 1669.390000 12 2
37759.787 E P 36.269400 35602.190000 18875.220000 1633.800000 12 2
37759.787 E P 40.098000 36466.520000 17284.020000 1575.210000 12 2
37759.787 E P 43.090100 37115.250000 16089.750000 1532.100000 12 2
37759.787 E P 47.644700 38066.790000 14338.000000 1470.390000 12 2
37759.787 E P 50.675200 38682.020000 13205.380000 1431.540000 12 2
37759.787 E P 55.173100 39578.060000 11555.820000 1376.610000 12 2
37759.787 E P 58.110600 40157.010000 10490.010000 1342.260000 12 2
37759.787 E P 62.381700 40997.320000 8943.050000 1294.170000 12 2
37759.787 E P 65.111100 41537.160000 7949.230000 1264.480000 12 2
37759.787 E P 69.039200 42323.840000 6501.000000 1223.060000 12 2
37759.787 E P 72.714000 43076.420000 5115.550000 1185.680000 12 2
37759.787 E D 9 13 105.600000 0.000100 21 105.600000 0.000000 1
37759.787 E P 9.030700 41857.600000 144343.010000 4464.040000 13 1
37759.787 E P 13.505500 48175.730000 138465.170000 4370.870000 13 1
37759.787 E P 19.383600 56148.720000 131047.780000 4292.600000 13 1
37759.787 E P 23.831300 62036.830000 125569.990000 4264.300000 13 1
37759.787 E P 29.309100 69234.870000 118873.590000 4264.620000 13 1
37759.787 E P 33.841100 75232.160000 113294.260000 4294.270000 13 1
37759.787 E P 39.639800 83090.290000 105983.820000 4372.590000 13 1
37759.787 E P 43.452400 88446.950000 101000.540000 4450.580000 13 1
37759.787 E P 48.933000 96542.330000 93469.440000 4603.800000 13 1
37759.787 E P 52.956700 102782.470000 87664.300000 4747.160000 13 1
37759.787 E P 42.760900 87201.290000 107340.570000 4653.730000 13 1
37759.787 E P 45.666800 91634.420000 99824.670000 4583.220000 13 1
37759.788 E P 49.460100 97241.410000 90318.750000 4511.110000 13 1
37759.788 E P 52.010600 100919.910000 84082.420000 4474.650000 13 1
37759.788 E P 54.575500 104563.910000 77904.630000 4447.290000 13 1
37759.788 E P 58.435100 109976.440000 68728.710000 4423.130000 13 1
37759.788 E P 60.947400 113474.430000 62798.600000 4418.150000 13 1
37759.788 E P 64.669000 118652.350000 54020.610000 4426.250000 13 1
37759.788 E P 67.080300 122022.760000 48306.910000 4441.430000 13 1
37759.788 E P 70.547600 126918.350000 40007.720000 4477.230000 13 1
37759.788 E P 73.809000 131605.850000 32061.360000 4526.520000 13 1
37759.788 E D 10 14 116.000000 0.000100 21 60.000000 116.000000 2
37759.788 E P 8.280700 42899.920000 160089.880000 4732.230000 14 1
37759.788 E P 13.118100 52982.490000 151404.430000 4636.260000 14 1
37759.788 E P 17.277500 61376.990000 144173.200000 4582.050000 14 1
37759.788 E P 20.984500 68725.720000 137842.870000 4554.510000 14 1
37759.788 E P 25.367300 77340.570000 130421.950000 4546.400000 14 1
37759.788 E P 30.662000 87776.960000 121432.030000 4571.740000 14 1
37759.788 E P 34.949500 96365.600000 114033.860000 4621.100000 14 1
37759.788 E P 40.270500 107357.250000 104565.870000 4720.510000 14 1
37759.788 E P 43.563400 114430.640000 98473.060000 4804.960000 14 1
37759.788 E P 47.881600 124040.900000 90195.150000 4942.740000 14 1
37759.788 E P 40.364400 108682.840000 104461.700000 4848.890000 14 1
37759.788 E P 43.759400 114314.910000 98142.610000 4757.250000 14 1
37759.788 E P 46.438500 118623.360000 93308.650000 4698.480000 14 1
37759.788 E P 50.514800 124994.410000 86160.560000 4630.630000 14 1
37759.788 E P 53.256200 129185.590000 81458.250000 4598.870000 14 1
37759.788 E P 57.353900 135360.150000 74530.730000 4571.310000 14 1
37759.788 E P 60.048000 139387.940000 70011.800000 4565.890000 14 1
37759.788 E P 63.979900 145262.760000 63420.630000 4575.910000 14 1
37759.788 E P 66.534500 149100.400000 59115.050000 4593.920000 14 1
37759.788 E P 70.192500 154659.190000 52878.430000 4635.890000 14 1
37759.788 E P 73.610600 159958.460000 46932.870000 4693.030000 14 1
37759.788 E P 8.280700 8763.030000 18205.410000 1060.930000 14 2
37759.788 E P 13.118100 10667.220000 16614.820000 1010.760000 14 2
37759.788 E P 17.277500 12252.590000 15290.540000 972.310000 14 2
37759.788 E P 20.984500 13640.450000 14131.230000 941.450000 14 2
37759.788 E P 25.367300 15267.430000 12772.200000 908.980000 14 2
37759.788 E P 30.662000 17238.410000 11125.810000 875.620000 14 2
37759.788 E P 34.949500 18860.430000 9770.910000 853.590000 14 2
37759.788 E P 40.270500 20936.260000 8036.940000 833.210000 14 2
37759.788 E P 43.563400 22272.100000 6921.100000 825.020000 14 2
37759.788 E P 47.881600 24087.050000 5405.060000 819.550000 14 2
37759.788 E P 40.364400 21854.260000 7302.860000 812.660000 14 2
37759.788 E P 43.759400 21973.480000 7156.970000 832.770000 14 2
37759.788 E P 46.438500 22064.680000 7045.360000 849.380000 14 2
37759.788 E P 50.514800 22199.540000 6880.330000 875.800000 14 2
37759.788 E P 53.256200 22288.260000 6771.760000 894.310000 14 2
37759.788 E P 57.353900 22418.960000 6611.810000 923.070000 14 2
37759.788 E P 60.048000 22504.210000 6507.460000 942.730000 14 2
37759.788 E P 63.979900 22628.570000 6355.270000 972.570000 14 2
37759.788 E P 66.534500 22709.800000 6255.840000 992.750000 14 2
37759.788 E P 70.192500 22827.460000 6111.810000 1022.880000 14 2
37759.788 E P 73.610600 22939.630000 5974.480000 1052.510000 14 2
37759.788 E D 11 15 192.000000 0.000100 21 80.000000 140.000000 3
37759.788 E P 6.446900 76725.270000 339196.690000 4654.580000 15 1
37759.788 E P 8.682200 88587.960000 333501.760000 4665.090000 15 1
37759.788 E P 10.935700 100619.140000 327725.950000 4682.870000 15 1
37759.788 E P 13.945800 116867.020000 319925.890000 4718.140000 15 1
37759.788 E P 16.213600 129294.320000 313959.960000 4753.680000 15 1
37759.788 E P 18.473500 141883.740000 307916.220000 4797.060000 15 1
37759.788 E P 20.731100 154709.690000 301758.940000 4848.710000 15 1
37759.788 E P 22.984300 167807.390000 295471.210000 4908.950000 15 1
37759.788 E P 24.482600 176705.140000 291199.730000 4954.060000 15 1
37759.788 E P 28.174700 199321.480000 280342.490000 5082.940000 15 1
37759.788 E P 18.928800 157018.850000 319594.590000 5260.620000 15 1
37759.788 E P 27.024300 187171.910000 280280.460000 4891.650000 15 1
37759.788 E P 29.615300 196150.410000 268574.180000 4799.470000 15 1
37759.788 E P 34.524200 212309.580000 247505.710000 4658.510000 15 1
37759.788 E P 39.163900 226795.590000 228618.820000 4561.690000 15 1
37759.788 E P 45.717500 246394.580000 203065.760000 4478.920000 15 1
37759.788 E P 51.723800 263884.550000 180262.520000 4454.640000 15 1
37759.788 E P 55.463000 274718.690000 166137.090000 4463.720000 15 1
37759.788 E P 62.265500 294661.730000 140135.690000 4528.610000 15 1
37759.788 E P 66.817400 308407.160000 122214.200000 4608.830000 15 1
37759.788 E P 72.143800 325189.940000 100332.420000 4744.020000 15 1
37759.788 E P 6.446900 18395.140000 30507.960000 1171.640000 15 2
37759.788 E P 8.682200 19636.980000 29553.240000 1156.240000 15 2
37759.789 E P 10.935700 20896.470000 28584.960000 1142.390000 15 2
37759.789 E P 13.945800 22597.380000 27277.310000 1126.610000 15 2
37759.789 E P 16.213600 23898.330000 26277.130000 1116.900000 15 2
37759.789 E P 18.473500 25216.250000 25263.890000 1109.210000 15 2
37759.789 E P 20.731100 26558.930000 24231.610000 1103.650000 15 2
37759.789 E P 22.984300 27930.060000 23177.450000 1100.360000 15 2
37759.789 E P 24.482600 28861.520000 22461.310000 1099.530000 15 2
37759.789 E P 28.174700 31229.100000 20641.010000 1102.240000 15 2
37759.789 E P 18.928800 26227.830000 24313.800000 1117.950000 15 2
37759.789 E P 27.024300 30135.470000 21535.480000 1095.250000 15 2
37759.789 E P 29.615300 31299.010000 20708.190000 1091.260000 15 2
37759.789 E P 34.524200 33393.100000 19219.260000 1087.920000 15 2
37759.789 E P 39.163900 35270.340000 17884.480000 1089.160000 15 2
37759.789 E P 45.717500 37810.160000 16078.560000 1097.180000 15 2
37759.789 E P 51.723800 40076.640000 14466.950000 1110.390000 15 2
37759.789 E P 55.463000 41480.600000 13468.630000 1121.350000 15 2
37759.789 E P 62.265500 44064.920000 11630.920000 1146.840000 15 2
37759.789 E P 66.817400 45846.110000 10364.240000 1168.240000 15 2
37759.789 E P 72.143800 48020.870000 8817.580000 1198.320000 15 2
37759.789 E P 6.446900 48119.030000 146359.700000 2927.790000 15 3
37759.789 E P 8.682200 53027.750000 142801.400000 2899.250000 15 3
37759.789 E P 10.935700 58006.200000 139192.560000 2873.860000 15 3
37759.789 E P 13.945800 64729.490000 134318.870000 2845.430000 15 3
37759.789 E P 16.213600 69871.850000 130591.170000 2828.340000 15 3
37759.789 E P 18.473500 75081.300000 126814.820000 2815.240000 15 3
37759.789 E P 20.731100 80388.620000 122967.510000 2806.320000 15 3
37759.789 E P 22.984300 85808.390000 119038.660000 2801.860000 15 3
37759.789 E P 24.482600 89490.230000 116369.630000 2801.530000 15 3
37759.789 E P 28.174700 98848.770000 109585.440000 2810.040000 15 3
37759.789 E P 18.928800 81398.570000 126876.380000 2948.760000 15 3
37759.789 E P 27.024300 93804.390000 111798.150000 2760.490000 15 3
37759.789 E P 29.615300 97498.380000 107308.370000 2711.990000 15 3
37759.789 E P 34.524200 104146.650000 99227.820000 2635.340000 15 3
37759.789 E P 39.163900 110106.510000 91983.930000 2579.160000 15 3
37759.789 E P 45.717500 118169.910000 82183.210000 2523.520000 15 3
37759.789 E P 51.723800 125365.570000 73437.060000 2494.890000 15 3
37759.789 E P 55.463000 129822.890000 68019.220000 2487.500000 15 3
37759.789 E P 62.265500 138027.690000 58046.210000 2494.910000 15 3
37759.789 E P 66.817400 143682.680000 51172.170000 2515.820000 15 3
37759.789 E P 72.143800 150587.220000 42778.940000 2558.400000 15 3
