37760.607 ===== Start point correction (H < 3000 m) =====
37760.607 NumGT: 2 IndGT: 1 tLoc: 1737643438.035000 H0: 1022.938707
37760.607 Calculated SP: -739132.554686 5614494.320245 2924742.385334 Corrected SP: -741179.013527 5612599.086069 2927839.501787 Distance: 4163.741232
37760.699 ===== Start point correction (H < 3000 m) =====
37760.699 NumGT: 1 IndGT: 0 tLoc: 1737643441.235000 H0: -0.020809
37760.699 Calculated SP: -1743668.920343 5676587.230849 2319557.491664 Corrected SP: -1751526.805720 5672650.018525 2323241.507638 Distance: 9501.106785
37760.950 ===== Start point correction (H < 3000 m) =====
37760.950 NumGT: 5 IndGT: 4 tLoc: 1737643449.035000 H0: -0.088686
37760.950 Calculated SP: -3003689.883587 5009964.778510 2552415.540082 Corrected SP: -2995294.541643 5005414.569589 2571015.035985 Distance: 20903.899290
37761.885 ===== Start point correction (H < 3000 m) =====
37761.885 NumGT: 3 IndGT: 2 tLoc: 1737643478.344000 H0: -0.032765
37761.885 Calculated SP: -3138843.864051 5198271.445188 1944424.057617 Corrected SP: -3111646.915990 5205420.326749 1968695.910185 Distance: 37074.246733
37761.905 ===== Start point correction (H < 3000 m) =====
37761.905 NumGT: 3 IndGT: 2 tLoc: 1737643478.344000 H0: -0.032765
37761.905 Calculated SP: -3113159.287354 5205716.205728 1965542.904505 Corrected SP: -3111646.915990 5205420.326749 1968695.910185 Distance: 3508.114578
37762.038 ===== Start point correction (using start point estimated on active path) =====
37762.038 NumGT: 7 IndGT: 6 tLoc: 1737643483.027000 H0: 7329.456171
37762.038 Calculated SP: -3231573.164503 5203988.759842 1770576.528444 Corrected SP: -3198614.031255 5213645.287474 1801536.077566 Distance: 46150.630608
37762.066 ===== Start point correction (H < 3000 m) =====
37762.066 NumGT: 4 IndGT: 3 tLoc: 1737643483.027000 H0: 1119.148095
37762.066 Calculated SP: -2983003.715544 5007142.174361 2581844.930817 Corrected SP: -2976929.242266 5007864.281518 2587411.893054 Distance: 8257.684265
37770.866 ===== Start point correction (H < 10000 m) =====
37770.866 NumGT: 25 IndGT: 19 tLoc: 1737643683.441000 H0: 4942.382787
37770.866 Calculated SP: -3117264.160425 5239066.302174 1868674.959291 Corrected SP: -3117110.475621 5239269.607775 1868363.385006 Distance: 402.018213
